<?xml version="1.0" encoding="UTF-8"?>
<coverage generated="1685279563838" clover="3.2.0">
  <project timestamp="1685279563839" name="All files">
    <metrics statements="31" coveredstatements="25" conditionals="10" coveredconditionals="8" methods="10" coveredmethods="4" elements="51" coveredelements="37" complexity="0" loc="31" ncloc="31" packages="4" files="6" classes="6"/>
    <package name="components">
      <metrics statements="1" coveredstatements="1" conditionals="0" coveredconditionals="0" methods="0" coveredmethods="0"/>
      <file name="TodosContainer.ts" path="C:\Users\Acer\Desktop\full-stack\Coders\todo-app\src\components\TodosContainer.ts">
        <metrics statements="1" coveredstatements="1" conditionals="0" coveredconditionals="0" methods="0" coveredmethods="0"/>
        <line num="4" count="1" type="stmt"/>
      </file>
    </package>
    <package name="pages.Todos">
      <metrics statements="13" coveredstatements="10" conditionals="6" coveredconditionals="5" methods="4" coveredmethods="1"/>
      <file name="Todos.styled.ts" path="C:\Users\Acer\Desktop\full-stack\Coders\todo-app\src\pages\Todos\Todos.styled.ts">
        <metrics statements="1" coveredstatements="1" conditionals="0" coveredconditionals="0" methods="0" coveredmethods="0"/>
        <line num="4" count="1" type="stmt"/>
      </file>
      <file name="Todos.tsx" path="C:\Users\Acer\Desktop\full-stack\Coders\todo-app\src\pages\Todos\Todos.tsx">
        <metrics statements="12" coveredstatements="9" conditionals="6" coveredconditionals="5" methods="4" coveredmethods="1"/>
        <line num="10" count="1" type="stmt"/>
        <line num="11" count="4" type="stmt"/>
        <line num="13" count="4" type="stmt"/>
        <line num="15" count="4" type="stmt"/>
        <line num="16" count="0" type="stmt"/>
        <line num="19" count="4" type="cond" truecount="2" falsecount="0"/>
        <line num="20" count="1" type="stmt"/>
        <line num="32" count="3" type="cond" truecount="2" falsecount="0"/>
        <line num="33" count="1" type="stmt"/>
        <line num="45" count="2" type="stmt"/>
        <line num="76" count="0" type="stmt"/>
        <line num="88" count="0" type="stmt"/>
      </file>
    </package>
    <package name="pages.TodosModal">
      <metrics statements="11" coveredstatements="10" conditionals="4" coveredconditionals="3" methods="3" coveredmethods="2"/>
      <file name="TodosModal.styled.ts" path="C:\Users\Acer\Desktop\full-stack\Coders\todo-app\src\pages\TodosModal\TodosModal.styled.ts">
        <metrics statements="3" coveredstatements="3" conditionals="0" coveredconditionals="0" methods="0" coveredmethods="0"/>
        <line num="3" count="2" type="stmt"/>
        <line num="9" count="2" type="stmt"/>
        <line num="19" count="2" type="stmt"/>
      </file>
      <file name="TodosModal.tsx" path="C:\Users\Acer\Desktop\full-stack\Coders\todo-app\src\pages\TodosModal\TodosModal.tsx">
        <metrics statements="8" coveredstatements="7" conditionals="4" coveredconditionals="3" methods="3" coveredmethods="2"/>
        <line num="15" count="2" type="stmt"/>
        <line num="16" count="2" type="stmt"/>
        <line num="18" count="2" type="stmt"/>
        <line num="20" count="2" type="stmt"/>
        <line num="21" count="1" type="stmt"/>
        <line num="24" count="2" type="stmt"/>
        <line num="25" count="0" type="stmt"/>
        <line num="28" count="2" type="stmt"/>
      </file>
    </package>
    <package name="store.api">
      <metrics statements="6" coveredstatements="4" conditionals="0" coveredconditionals="0" methods="3" coveredmethods="1"/>
      <file name="apiSlice.tsx" path="C:\Users\Acer\Desktop\full-stack\Coders\todo-app\src\store\api\apiSlice.tsx">
        <metrics statements="6" coveredstatements="4" conditionals="0" coveredconditionals="0" methods="3" coveredmethods="1"/>
        <line num="3" count="2" type="stmt"/>
        <line num="5" count="2" type="stmt"/>
        <line num="10" count="2" type="stmt"/>
        <line num="12" count="0" type="stmt"/>
        <line num="15" count="0" type="stmt"/>
        <line num="20" count="2" type="stmt"/>
      </file>
    </package>
  </project>
</coverage>
