{"C:\\Users\\Acer\\Desktop\\full-stack\\Coders\\todo-app\\src\\components\\TodosContainer.ts": {"path":"C:\\Users\\Acer\\Desktop\\full-stack\\Coders\\todo-app\\src\\components\\TodosContainer.ts","statementMap":{"0":{"start":{"line":4,"column":30},"end":{"line":13,"column":2}}},"fnMap":{},"branchMap":{},"s":{"0":1},"f":{},"b":{},"_coverageSchema":"1a1c01bbd47fc00a2c39e90264f33305004495a9","hash":"de4adbedec53806d3db12fc5a662780f828ba3a0"}
,"C:\\Users\\Acer\\Desktop\\full-stack\\Coders\\todo-app\\src\\pages\\Todos\\Todos.styled.ts": {"path":"C:\\Users\\Acer\\Desktop\\full-stack\\Coders\\todo-app\\src\\pages\\Todos\\Todos.styled.ts","statementMap":{"0":{"start":{"line":4,"column":24},"end":{"line":22,"column":2}}},"fnMap":{},"branchMap":{},"s":{"0":1},"f":{},"b":{},"_coverageSchema":"1a1c01bbd47fc00a2c39e90264f33305004495a9","hash":"a3a927a8b96e738936fdff10de5665600bfff1b2"}
,"C:\\Users\\Acer\\Desktop\\full-stack\\Coders\\todo-app\\src\\pages\\Todos\\Todos.tsx": {"path":"C:\\Users\\Acer\\Desktop\\full-stack\\Coders\\todo-app\\src\\pages\\Todos\\Todos.tsx","statementMap":{"0":{"start":{"line":8,"column":19},"end":{"line":8,"column":65}},"1":{"start":{"line":8,"column":30},"end":{"line":8,"column":64}},"2":{"start":{"line":10,"column":14},"end":{"line":107,"column":1}},"3":{"start":{"line":11,"column":47},"end":{"line":11,"column":72}},"4":{"start":{"line":13,"column":30},"end":{"line":13,"column":42}},"5":{"start":{"line":15,"column":19},"end":{"line":17,"column":3}},"6":{"start":{"line":16,"column":4},"end":{"line":16,"column":18}},"7":{"start":{"line":19,"column":2},"end":{"line":30,"column":3}},"8":{"start":{"line":20,"column":4},"end":{"line":29,"column":6}},"9":{"start":{"line":32,"column":2},"end":{"line":43,"column":3}},"10":{"start":{"line":33,"column":4},"end":{"line":42,"column":6}},"11":{"start":{"line":45,"column":2},"end":{"line":106,"column":4}},"12":{"start":{"line":80,"column":12},"end":{"line":96,"column":23}},"13":{"start":{"line":94,"column":31},"end":{"line":94,"column":48}}},"fnMap":{"0":{"name":"(anonymous_0)","decl":{"start":{"line":8,"column":24},"end":{"line":8,"column":25}},"loc":{"start":{"line":8,"column":30},"end":{"line":8,"column":64}},"line":8},"1":{"name":"(anonymous_1)","decl":{"start":{"line":10,"column":14},"end":{"line":10,"column":15}},"loc":{"start":{"line":10,"column":20},"end":{"line":107,"column":1}},"line":10},"2":{"name":"(anonymous_2)","decl":{"start":{"line":15,"column":19},"end":{"line":15,"column":20}},"loc":{"start":{"line":15,"column":35},"end":{"line":17,"column":3}},"line":15},"3":{"name":"(anonymous_3)","decl":{"start":{"line":79,"column":22},"end":{"line":79,"column":23}},"loc":{"start":{"line":80,"column":12},"end":{"line":96,"column":23}},"line":80},"4":{"name":"(anonymous_4)","decl":{"start":{"line":94,"column":25},"end":{"line":94,"column":26}},"loc":{"start":{"line":94,"column":31},"end":{"line":94,"column":48}},"line":94}},"branchMap":{"0":{"loc":{"start":{"line":19,"column":2},"end":{"line":30,"column":3}},"type":"if","locations":[{"start":{"line":19,"column":2},"end":{"line":30,"column":3}},{"start":{},"end":{}}],"line":19},"1":{"loc":{"start":{"line":32,"column":2},"end":{"line":43,"column":3}},"type":"if","locations":[{"start":{"line":32,"column":2},"end":{"line":43,"column":3}},{"start":{},"end":{}}],"line":32},"2":{"loc":{"start":{"line":100,"column":7},"end":{"line":104,"column":7}},"type":"binary-expr","locations":[{"start":{"line":100,"column":7},"end":{"line":100,"column":20}},{"start":{"line":101,"column":8},"end":{"line":103,"column":19}}],"line":100}},"s":{"0":1,"1":1,"2":1,"3":5,"4":5,"5":5,"6":1,"7":5,"8":1,"9":4,"10":1,"11":3,"12":3,"13":1},"f":{"0":1,"1":5,"2":1,"3":3,"4":1},"b":{"0":[1,4],"1":[1,3],"2":[3,1]},"_coverageSchema":"1a1c01bbd47fc00a2c39e90264f33305004495a9","hash":"4dedc847cbfc1254f12669b0188a2258816d86be"}
,"C:\\Users\\Acer\\Desktop\\full-stack\\Coders\\todo-app\\src\\pages\\TodosModal\\TodosModal.styled.ts": {"path":"C:\\Users\\Acer\\Desktop\\full-stack\\Coders\\todo-app\\src\\pages\\TodosModal\\TodosModal.styled.ts","statementMap":{"0":{"start":{"line":3,"column":30},"end":{"line":7,"column":2}},"1":{"start":{"line":9,"column":29},"end":{"line":17,"column":2}},"2":{"start":{"line":19,"column":30},"end":{"line":22,"column":2}}},"fnMap":{},"branchMap":{},"s":{"0":2,"1":2,"2":2},"f":{},"b":{},"_coverageSchema":"1a1c01bbd47fc00a2c39e90264f33305004495a9","hash":"6e352d2929d6a84a71029c51b48e9c3b1c9dc1b3"}
,"C:\\Users\\Acer\\Desktop\\full-stack\\Coders\\todo-app\\src\\pages\\TodosModal\\TodosModal.tsx": {"path":"C:\\Users\\Acer\\Desktop\\full-stack\\Coders\\todo-app\\src\\pages\\TodosModal\\TodosModal.tsx","statementMap":{"0":{"start":{"line":15,"column":14},"end":{"line":90,"column":1}},"1":{"start":{"line":16,"column":40},"end":{"line":16,"column":55}},"2":{"start":{"line":18,"column":31},"end":{"line":18,"column":65}},"3":{"start":{"line":20,"column":2},"end":{"line":22,"column":21}},"4":{"start":{"line":21,"column":4},"end":{"line":21,"column":25}},"5":{"start":{"line":24,"column":20},"end":{"line":26,"column":3}},"6":{"start":{"line":25,"column":4},"end":{"line":25,"column":26}},"7":{"start":{"line":28,"column":2},"end":{"line":89,"column":4}}},"fnMap":{"0":{"name":"(anonymous_0)","decl":{"start":{"line":15,"column":14},"end":{"line":15,"column":15}},"loc":{"start":{"line":15,"column":42},"end":{"line":90,"column":1}},"line":15},"1":{"name":"(anonymous_1)","decl":{"start":{"line":20,"column":12},"end":{"line":20,"column":13}},"loc":{"start":{"line":20,"column":18},"end":{"line":22,"column":3}},"line":20},"2":{"name":"(anonymous_2)","decl":{"start":{"line":24,"column":20},"end":{"line":24,"column":21}},"loc":{"start":{"line":24,"column":26},"end":{"line":26,"column":3}},"line":24}},"branchMap":{"0":{"loc":{"start":{"line":32,"column":17},"end":{"line":32,"column":46}},"type":"cond-expr","locations":[{"start":{"line":32,"column":31},"end":{"line":32,"column":37}},{"start":{"line":32,"column":40},"end":{"line":32,"column":46}}],"line":32},"1":{"loc":{"start":{"line":72,"column":12},"end":{"line":72,"column":54}},"type":"cond-expr","locations":[{"start":{"line":72,"column":38},"end":{"line":72,"column":44}},{"start":{"line":72,"column":47},"end":{"line":72,"column":54}}],"line":72}},"s":{"0":2,"1":5,"2":5,"3":5,"4":2,"5":5,"6":1,"7":5},"f":{"0":5,"1":2,"2":1},"b":{"0":[1,4],"1":[0,5]},"_coverageSchema":"1a1c01bbd47fc00a2c39e90264f33305004495a9","hash":"ce32daec7b582b1d8c0ad24a5d07c9939cda14ea"}
,"C:\\Users\\Acer\\Desktop\\full-stack\\Coders\\todo-app\\src\\store\\api\\apiSlice.tsx": {"path":"C:\\Users\\Acer\\Desktop\\full-stack\\Coders\\todo-app\\src\\store\\api\\apiSlice.tsx","statementMap":{"0":{"start":{"line":3,"column":12},"end":{"line":3,"column":50}},"1":{"start":{"line":5,"column":24},"end":{"line":18,"column":2}},"2":{"start":{"line":10,"column":27},"end":{"line":17,"column":3}},"3":{"start":{"line":12,"column":31},"end":{"line":12,"column":41}},"4":{"start":{"line":15,"column":37},"end":{"line":15,"column":53}},"5":{"start":{"line":20,"column":53},"end":{"line":20,"column":61}}},"fnMap":{"0":{"name":"(anonymous_0)","decl":{"start":{"line":10,"column":13},"end":{"line":10,"column":14}},"loc":{"start":{"line":10,"column":27},"end":{"line":17,"column":3}},"line":10},"1":{"name":"(anonymous_1)","decl":{"start":{"line":12,"column":13},"end":{"line":12,"column":14}},"loc":{"start":{"line":12,"column":31},"end":{"line":12,"column":41}},"line":12},"2":{"name":"(anonymous_2)","decl":{"start":{"line":15,"column":13},"end":{"line":15,"column":14}},"loc":{"start":{"line":15,"column":37},"end":{"line":15,"column":53}},"line":15}},"branchMap":{},"s":{"0":2,"1":2,"2":2,"3":0,"4":1,"5":2},"f":{"0":2,"1":0,"2":1},"b":{},"_coverageSchema":"1a1c01bbd47fc00a2c39e90264f33305004495a9","hash":"7e5f0af3ce0635c6326a4caeba40cd50536c03ed"}
}
