TN:
SF:src\components\TodosContainer.ts
FNF:0
FNH:0
DA:4,1
LF:1
LH:1
BRF:0
BRH:0
end_of_record
TN:
SF:src\pages\Todos\Todos.styled.ts
FNF:0
FNH:0
DA:4,1
LF:1
LH:1
BRF:0
BRH:0
end_of_record
TN:
SF:src\pages\Todos\Todos.tsx
FN:10,(anonymous_0)
FN:15,(anonymous_1)
FN:79,(anonymous_2)
FN:94,(anonymous_3)
FNF:4
FNH:4
FNDA:5,(anonymous_0)
FNDA:1,(anonymous_1)
FNDA:3,(anonymous_2)
FNDA:1,(anonymous_3)
DA:10,1
DA:11,5
DA:13,5
DA:15,5
DA:16,1
DA:19,5
DA:20,1
DA:32,4
DA:33,1
DA:45,3
DA:80,3
DA:94,1
LF:12
LH:12
BRDA:19,0,0,1
BRDA:19,0,1,4
BRDA:32,1,0,1
BRDA:32,1,1,3
BRDA:100,2,0,3
BRDA:100,2,1,1
BRF:6
BRH:6
end_of_record
TN:
SF:src\pages\TodosModal\TodosModal.styled.ts
FNF:0
FNH:0
DA:3,2
DA:9,2
DA:19,2
LF:3
LH:3
BRF:0
BRH:0
end_of_record
TN:
SF:src\pages\TodosModal\TodosModal.tsx
FN:15,(anonymous_0)
FN:20,(anonymous_1)
FN:24,(anonymous_2)
FNF:3
FNH:3
FNDA:6,(anonymous_0)
FNDA:2,(anonymous_1)
FNDA:1,(anonymous_2)
DA:15,2
DA:16,6
DA:18,6
DA:20,6
DA:21,2
DA:24,6
DA:25,1
DA:28,6
LF:8
LH:8
BRDA:32,0,0,2
BRDA:32,0,1,4
BRDA:72,1,0,0
BRDA:72,1,1,6
BRF:4
BRH:3
end_of_record
TN:
SF:src\store\api\apiSlice.tsx
FN:10,(anonymous_0)
FN:12,(anonymous_1)
FN:15,(anonymous_2)
FNF:3
FNH:2
FNDA:2,(anonymous_0)
FNDA:0,(anonymous_1)
FNDA:1,(anonymous_2)
DA:3,2
DA:5,2
DA:10,2
DA:12,0
DA:15,1
DA:20,2
LF:6
LH:5
BRF:0
BRH:0
end_of_record
